Host: fchpcgpuprd05
CUDA_VISIBLE_DEVICES=
Entered main()
Using device: cuda
CUDA available: True
GPU name: NVIDIA H200
GPU count visible: 4
Output dir: outputs_csPCa_sliceaware_final_and_CHIMERA_embeddings_24x128_batch_12
Labels CSV: marksheet-2.csv
Gland mask dir: picai_labels/anatomical_delineations/whole_gland/AI/Guerbet23
CHIMERA_ROOT_DIR = /home/lauterw/project_MRI/CHIMERA/radiology/images
CHIMERA exists? True
NUM_WORKERS = 0
Slice embedding mode = 24x128
Slice tokens = 24, embed dim = 128
Loaded rows from CSV: 1500
Raw class distribution from CSV:
label
0    1075
1     425
Name: count, dtype: int64
Loaded usable cases: 1500
Usable class distribution: {0: 1075, 1: 425}
Final-train class counts: [1075, 425]
Final-train class weights: [0.6976743936538696, 1.7647058963775635]
First training batch loaded
Epoch 01 | train_loss=0.6879 train_acc=0.7167 train_f1=0.0363 train_auc=0.5835 | full_loss=0.6797 full_acc=0.7373 full_f1=0.4084 full_auc=0.7307
First training batch loaded
Epoch 02 | train_loss=0.6768 train_acc=0.7300 train_f1=0.4429 train_auc=0.6481 | full_loss=0.6637 full_acc=0.6627 full_f1=0.5719 full_auc=0.7621
First training batch loaded
Epoch 03 | train_loss=0.6543 train_acc=0.7220 train_f1=0.4845 train_auc=0.7119 | full_loss=0.6286 full_acc=0.7247 full_f1=0.5891 full_auc=0.7793
First training batch loaded
Epoch 04 | train_loss=0.6246 train_acc=0.7060 train_f1=0.5514 train_auc=0.7410 | full_loss=0.6042 full_acc=0.7693 full_f1=0.5495 full_auc=0.7889
First training batch loaded
Epoch 05 | train_loss=0.6001 train_acc=0.7067 train_f1=0.5686 train_auc=0.7530 | full_loss=0.5691 full_acc=0.7627 full_f1=0.6062 full_auc=0.7981
First training batch loaded
Epoch 06 | train_loss=0.5844 train_acc=0.7320 train_f1=0.5881 train_auc=0.7635 | full_loss=0.5907 full_acc=0.6300 full_f1=0.5626 full_auc=0.7894
First training batch loaded
Epoch 07 | train_loss=0.5886 train_acc=0.6913 train_f1=0.5677 train_auc=0.7530 | full_loss=0.5535 full_acc=0.7520 full_f1=0.6125 full_auc=0.8041
First training batch loaded
Epoch 08 | train_loss=0.5687 train_acc=0.7313 train_f1=0.5942 train_auc=0.7780 | full_loss=0.5506 full_acc=0.7047 full_f1=0.6020 full_auc=0.8084
First training batch loaded
Epoch 09 | train_loss=0.5581 train_acc=0.7460 train_f1=0.6092 train_auc=0.7869 | full_loss=0.5438 full_acc=0.7880 full_f1=0.6169 full_auc=0.8247
First training batch loaded
Epoch 10 | train_loss=0.5429 train_acc=0.7413 train_f1=0.6097 train_auc=0.8054 | full_loss=0.5259 full_acc=0.7300 full_f1=0.6226 full_auc=0.8254
First training batch loaded
Epoch 11 | train_loss=0.5381 train_acc=0.7553 train_f1=0.6149 train_auc=0.8061 | full_loss=0.5427 full_acc=0.6967 full_f1=0.6074 full_auc=0.8192
First training batch loaded
Epoch 12 | train_loss=0.5410 train_acc=0.7493 train_f1=0.6210 train_auc=0.8039 | full_loss=0.5130 full_acc=0.7500 full_f1=0.6320 full_auc=0.8292
First training batch loaded
Epoch 13 | train_loss=0.5315 train_acc=0.7560 train_f1=0.6280 train_auc=0.8125 | full_loss=0.5123 full_acc=0.8087 full_f1=0.6546 full_auc=0.8452
First training batch loaded
Epoch 14 | train_loss=0.5343 train_acc=0.7553 train_f1=0.6197 train_auc=0.8114 | full_loss=0.5281 full_acc=0.8000 full_f1=0.6154 full_auc=0.8455
First training batch loaded
Epoch 15 | train_loss=0.5240 train_acc=0.7773 train_f1=0.6528 train_auc=0.8161 | full_loss=0.4981 full_acc=0.7667 full_f1=0.6465 full_auc=0.8383
First training batch loaded
Epoch 16 | train_loss=0.5157 train_acc=0.7573 train_f1=0.6323 train_auc=0.8240 | full_loss=0.5076 full_acc=0.7327 full_f1=0.6448 full_auc=0.8421
First training batch loaded
Epoch 17 | train_loss=0.5136 train_acc=0.7673 train_f1=0.6442 train_auc=0.8266 | full_loss=0.4873 full_acc=0.7680 full_f1=0.6520 full_auc=0.8451
First training batch loaded
Epoch 18 | train_loss=0.4990 train_acc=0.7707 train_f1=0.6468 train_auc=0.8350 | full_loss=0.4824 full_acc=0.7720 full_f1=0.6552 full_auc=0.8498
First training batch loaded
Epoch 19 | train_loss=0.5121 train_acc=0.7593 train_f1=0.6372 train_auc=0.8273 | full_loss=0.4994 full_acc=0.8113 full_f1=0.6536 full_auc=0.8558
First training batch loaded
Epoch 20 | train_loss=0.4962 train_acc=0.7747 train_f1=0.6515 train_auc=0.8391 | full_loss=0.4979 full_acc=0.8100 full_f1=0.6562 full_auc=0.8605
First training batch loaded
Epoch 21 | train_loss=0.5082 train_acc=0.7673 train_f1=0.6406 train_auc=0.8306 | full_loss=0.4712 full_acc=0.8087 full_f1=0.6800 full_auc=0.8614
First training batch loaded
Epoch 22 | train_loss=0.4855 train_acc=0.7800 train_f1=0.6640 train_auc=0.8483 | full_loss=0.5204 full_acc=0.8087 full_f1=0.6258 full_auc=0.8629
First training batch loaded
Epoch 23 | train_loss=0.4886 train_acc=0.7693 train_f1=0.6505 train_auc=0.8466 | full_loss=0.4753 full_acc=0.7993 full_f1=0.6583 full_auc=0.8590
First training batch loaded
Epoch 24 | train_loss=0.4843 train_acc=0.7840 train_f1=0.6597 train_auc=0.8499 | full_loss=0.4617 full_acc=0.8207 full_f1=0.6832 full_auc=0.8750
First training batch loaded
Epoch 25 | train_loss=0.4786 train_acc=0.7887 train_f1=0.6749 train_auc=0.8520 | full_loss=0.5614 full_acc=0.8020 full_f1=0.5775 full_auc=0.8713
First training batch loaded
Epoch 26 | train_loss=0.4950 train_acc=0.7820 train_f1=0.6618 train_auc=0.8425 | full_loss=0.4609 full_acc=0.7720 full_f1=0.6822 full_auc=0.8692
First training batch loaded
Epoch 27 | train_loss=0.4732 train_acc=0.7900 train_f1=0.6743 train_auc=0.8541 | full_loss=0.4713 full_acc=0.8180 full_f1=0.6792 full_auc=0.8684
First training batch loaded
Epoch 28 | train_loss=0.4815 train_acc=0.7773 train_f1=0.6557 train_auc=0.8486 | full_loss=0.4671 full_acc=0.7493 full_f1=0.6696 full_auc=0.8732
First training batch loaded
Epoch 29 | train_loss=0.4667 train_acc=0.7853 train_f1=0.6721 train_auc=0.8616 | full_loss=0.4324 full_acc=0.8193 full_f1=0.7089 full_auc=0.8822
First training batch loaded
Epoch 30 | train_loss=0.4552 train_acc=0.7987 train_f1=0.6931 train_auc=0.8682 | full_loss=0.5931 full_acc=0.8020 full_f1=0.5466 full_auc=0.8860
First training batch loaded
Epoch 31 | train_loss=0.4615 train_acc=0.7953 train_f1=0.6883 train_auc=0.8642 | full_loss=0.4241 full_acc=0.8327 full_f1=0.7214 full_auc=0.8926
First training batch loaded
Epoch 32 | train_loss=0.4566 train_acc=0.8027 train_f1=0.6942 train_auc=0.8668 | full_loss=0.4945 full_acc=0.7027 full_f1=0.6432 full_auc=0.8892
First training batch loaded
Epoch 33 | train_loss=0.4579 train_acc=0.7940 train_f1=0.6901 train_auc=0.8668 | full_loss=0.4167 full_acc=0.8207 full_f1=0.7224 full_auc=0.8907
First training batch loaded
Epoch 34 | train_loss=0.4482 train_acc=0.8007 train_f1=0.6958 train_auc=0.8711 | full_loss=0.4569 full_acc=0.8253 full_f1=0.6717 full_auc=0.8931
First training batch loaded
Epoch 35 | train_loss=0.4434 train_acc=0.8053 train_f1=0.6971 train_auc=0.8738 | full_loss=0.4246 full_acc=0.7927 full_f1=0.7149 full_auc=0.9002
First training batch loaded
Epoch 36 | train_loss=0.4511 train_acc=0.8013 train_f1=0.6990 train_auc=0.8701 | full_loss=0.4074 full_acc=0.8113 full_f1=0.7239 full_auc=0.9036
First training batch loaded
Epoch 37 | train_loss=0.4367 train_acc=0.8020 train_f1=0.6966 train_auc=0.8787 | full_loss=0.4100 full_acc=0.8233 full_f1=0.7213 full_auc=0.8957
First training batch loaded
Epoch 38 | train_loss=0.4275 train_acc=0.8180 train_f1=0.7206 train_auc=0.8844 | full_loss=0.3942 full_acc=0.8313 full_f1=0.7340 full_auc=0.9010
First training batch loaded
Epoch 39 | train_loss=0.4333 train_acc=0.8073 train_f1=0.7048 train_auc=0.8805 | full_loss=0.3876 full_acc=0.8260 full_f1=0.7377 full_auc=0.9086
First training batch loaded
Epoch 40 | train_loss=0.4287 train_acc=0.8053 train_f1=0.7008 train_auc=0.8803 | full_loss=0.4022 full_acc=0.8420 full_f1=0.7285 full_auc=0.9066
First training batch loaded
Epoch 41 | train_loss=0.4251 train_acc=0.8167 train_f1=0.7185 train_auc=0.8833 | full_loss=0.3974 full_acc=0.8480 full_f1=0.7311 full_auc=0.9141
First training batch loaded
Epoch 42 | train_loss=0.4178 train_acc=0.8180 train_f1=0.7217 train_auc=0.8888 | full_loss=0.3968 full_acc=0.8467 full_f1=0.7461 full_auc=0.9056
First training batch loaded
Epoch 43 | train_loss=0.4226 train_acc=0.8100 train_f1=0.7059 train_auc=0.8850 | full_loss=0.3888 full_acc=0.8267 full_f1=0.7456 full_auc=0.9151
First training batch loaded
Epoch 44 | train_loss=0.4033 train_acc=0.8120 train_f1=0.7117 train_auc=0.8990 | full_loss=0.3584 full_acc=0.8520 full_f1=0.7683 full_auc=0.9243
First training batch loaded
Epoch 45 | train_loss=0.3955 train_acc=0.8233 train_f1=0.7288 train_auc=0.8988 | full_loss=0.3930 full_acc=0.8013 full_f1=0.7266 full_auc=0.9170
First training batch loaded
Epoch 46 | train_loss=0.4007 train_acc=0.8147 train_f1=0.7157 train_auc=0.8987 | full_loss=0.3767 full_acc=0.8573 full_f1=0.7506 full_auc=0.9227
First training batch loaded
Epoch 47 | train_loss=0.3895 train_acc=0.8307 train_f1=0.7387 train_auc=0.9046 | full_loss=0.3545 full_acc=0.8447 full_f1=0.7580 full_auc=0.9208
First training batch loaded
Epoch 48 | train_loss=0.4088 train_acc=0.8213 train_f1=0.7265 train_auc=0.8937 | full_loss=0.3509 full_acc=0.8547 full_f1=0.7610 full_auc=0.9246
First training batch loaded
Epoch 49 | train_loss=0.3955 train_acc=0.8220 train_f1=0.7245 train_auc=0.9026 | full_loss=0.3516 full_acc=0.8380 full_f1=0.7601 full_auc=0.9259
First training batch loaded
Epoch 50 | train_loss=0.3747 train_acc=0.8333 train_f1=0.7454 train_auc=0.9098 | full_loss=0.3353 full_acc=0.8547 full_f1=0.7757 full_auc=0.9321
First training batch loaded
Epoch 51 | train_loss=0.3807 train_acc=0.8347 train_f1=0.7454 train_auc=0.9070 | full_loss=0.3324 full_acc=0.8547 full_f1=0.7766 full_auc=0.9299
First training batch loaded
Epoch 52 | train_loss=0.3825 train_acc=0.8300 train_f1=0.7374 train_auc=0.9068 | full_loss=0.3392 full_acc=0.8607 full_f1=0.7716 full_auc=0.9328
First training batch loaded
Epoch 53 | train_loss=0.3563 train_acc=0.8453 train_f1=0.7548 train_auc=0.9208 | full_loss=0.3372 full_acc=0.8620 full_f1=0.7828 full_auc=0.9399
First training batch loaded
Epoch 54 | train_loss=0.3865 train_acc=0.8200 train_f1=0.7251 train_auc=0.9050 | full_loss=0.3317 full_acc=0.8393 full_f1=0.7667 full_auc=0.9441
First training batch loaded
Epoch 55 | train_loss=0.3460 train_acc=0.8513 train_f1=0.7689 train_auc=0.9255 | full_loss=0.3417 full_acc=0.8787 full_f1=0.7849 full_auc=0.9423
First training batch loaded
Epoch 56 | train_loss=0.3437 train_acc=0.8413 train_f1=0.7541 train_auc=0.9225 | full_loss=0.3098 full_acc=0.8727 full_f1=0.7996 full_auc=0.9407
First training batch loaded
Epoch 57 | train_loss=0.3486 train_acc=0.8493 train_f1=0.7636 train_auc=0.9238 | full_loss=0.3268 full_acc=0.8473 full_f1=0.7694 full_auc=0.9353
First training batch loaded
Epoch 58 | train_loss=0.3486 train_acc=0.8380 train_f1=0.7513 train_auc=0.9240 | full_loss=0.3807 full_acc=0.8527 full_f1=0.7156 full_auc=0.9385
First training batch loaded
Epoch 59 | train_loss=0.3378 train_acc=0.8507 train_f1=0.7662 train_auc=0.9256 | full_loss=0.2995 full_acc=0.8587 full_f1=0.7863 full_auc=0.9458
First training batch loaded
Epoch 60 | train_loss=0.3295 train_acc=0.8500 train_f1=0.7639 train_auc=0.9333 | full_loss=0.3240 full_acc=0.8300 full_f1=0.7610 full_auc=0.9476
First training batch loaded
Epoch 61 | train_loss=0.3288 train_acc=0.8560 train_f1=0.7750 train_auc=0.9319 | full_loss=0.2772 full_acc=0.8793 full_f1=0.8147 full_auc=0.9579
First training batch loaded
Epoch 62 | train_loss=0.3332 train_acc=0.8500 train_f1=0.7673 train_auc=0.9308 | full_loss=0.2889 full_acc=0.8873 full_f1=0.8149 full_auc=0.9524
First training batch loaded
Epoch 63 | train_loss=0.3245 train_acc=0.8560 train_f1=0.7769 train_auc=0.9342 | full_loss=0.2913 full_acc=0.8933 full_f1=0.8165 full_auc=0.9548
First training batch loaded
Epoch 64 | train_loss=0.3382 train_acc=0.8520 train_f1=0.7678 train_auc=0.9277 | full_loss=0.2704 full_acc=0.8680 full_f1=0.8043 full_auc=0.9611
First training batch loaded
Epoch 65 | train_loss=0.3018 train_acc=0.8693 train_f1=0.7937 train_auc=0.9418 | full_loss=0.3487 full_acc=0.8680 full_f1=0.7429 full_auc=0.9560
First training batch loaded
Epoch 66 | train_loss=0.3037 train_acc=0.8793 train_f1=0.8089 train_auc=0.9401 | full_loss=0.2631 full_acc=0.9107 full_f1=0.8474 full_auc=0.9612
First training batch loaded
Epoch 67 | train_loss=0.3086 train_acc=0.8613 train_f1=0.7860 train_auc=0.9397 | full_loss=0.2937 full_acc=0.8593 full_f1=0.7965 full_auc=0.9610
First training batch loaded
Epoch 68 | train_loss=0.2993 train_acc=0.8693 train_f1=0.7958 train_auc=0.9437 | full_loss=0.2740 full_acc=0.8653 full_f1=0.8065 full_auc=0.9664
First training batch loaded
Epoch 69 | train_loss=0.2779 train_acc=0.8767 train_f1=0.8067 train_auc=0.9491 | full_loss=0.2551 full_acc=0.8907 full_f1=0.8309 full_auc=0.9641
First training batch loaded
Epoch 70 | train_loss=0.2909 train_acc=0.8760 train_f1=0.8042 train_auc=0.9476 | full_loss=0.2535 full_acc=0.8787 full_f1=0.8180 full_auc=0.9684
First training batch loaded
Epoch 71 | train_loss=0.2903 train_acc=0.8773 train_f1=0.8079 train_auc=0.9464 | full_loss=0.2619 full_acc=0.8793 full_f1=0.8185 full_auc=0.9665
First training batch loaded
Epoch 72 | train_loss=0.3043 train_acc=0.8720 train_f1=0.7996 train_auc=0.9407 | full_loss=0.2367 full_acc=0.8920 full_f1=0.8373 full_auc=0.9711
First training batch loaded
Epoch 73 | train_loss=0.2786 train_acc=0.8753 train_f1=0.8058 train_auc=0.9506 | full_loss=0.2916 full_acc=0.8387 full_f1=0.7772 full_auc=0.9724
First training batch loaded
Epoch 74 | train_loss=0.2667 train_acc=0.8780 train_f1=0.8076 train_auc=0.9572 | full_loss=0.2149 full_acc=0.9060 full_f1=0.8520 full_auc=0.9727
First training batch loaded
Epoch 75 | train_loss=0.2767 train_acc=0.8753 train_f1=0.8017 train_auc=0.9515 | full_loss=0.2658 full_acc=0.8447 full_f1=0.7833 full_auc=0.9727
First training batch loaded
Epoch 76 | train_loss=0.2705 train_acc=0.8753 train_f1=0.8058 train_auc=0.9535 | full_loss=0.2386 full_acc=0.9107 full_f1=0.8470 full_auc=0.9666
First training batch loaded
Epoch 77 | train_loss=0.2679 train_acc=0.8860 train_f1=0.8202 train_auc=0.9532 | full_loss=0.2141 full_acc=0.9067 full_f1=0.8498 full_auc=0.9726
First training batch loaded
Epoch 78 | train_loss=0.2513 train_acc=0.8940 train_f1=0.8310 train_auc=0.9599 | full_loss=0.2467 full_acc=0.8767 full_f1=0.8199 full_auc=0.9771
First training batch loaded
Epoch 79 | train_loss=0.2792 train_acc=0.8787 train_f1=0.8112 train_auc=0.9492 | full_loss=0.2427 full_acc=0.8713 full_f1=0.8139 full_auc=0.9807
First training batch loaded
Epoch 80 | train_loss=0.2728 train_acc=0.8793 train_f1=0.8124 train_auc=0.9518 | full_loss=0.2302 full_acc=0.9200 full_f1=0.8575 full_auc=0.9748
First training batch loaded
Epoch 81 | train_loss=0.2665 train_acc=0.8820 train_f1=0.8139 train_auc=0.9539 | full_loss=0.2050 full_acc=0.9147 full_f1=0.8609 full_auc=0.9780
First training batch loaded
Epoch 82 | train_loss=0.2527 train_acc=0.8913 train_f1=0.8282 train_auc=0.9582 | full_loss=0.1922 full_acc=0.9240 full_f1=0.8782 full_auc=0.9770
First training batch loaded
Epoch 83 | train_loss=0.2504 train_acc=0.8960 train_f1=0.8323 train_auc=0.9593 | full_loss=0.1922 full_acc=0.9327 full_f1=0.8872 full_auc=0.9801
First training batch loaded
Epoch 84 | train_loss=0.2208 train_acc=0.9047 train_f1=0.8496 train_auc=0.9691 | full_loss=0.1943 full_acc=0.9280 full_f1=0.8770 full_auc=0.9768
First training batch loaded
Epoch 85 | train_loss=0.2373 train_acc=0.8987 train_f1=0.8369 train_auc=0.9632 | full_loss=0.1759 full_acc=0.9160 full_f1=0.8671 full_auc=0.9814
First training batch loaded
Epoch 86 | train_loss=0.2490 train_acc=0.8867 train_f1=0.8211 train_auc=0.9597 | full_loss=0.2728 full_acc=0.8333 full_f1=0.7727 full_auc=0.9843
First training batch loaded
Epoch 87 | train_loss=0.2375 train_acc=0.9040 train_f1=0.8455 train_auc=0.9644 | full_loss=0.3197 full_acc=0.8040 full_f1=0.7430 full_auc=0.9795
First training batch loaded
Epoch 88 | train_loss=0.2380 train_acc=0.8973 train_f1=0.8358 train_auc=0.9654 | full_loss=0.1945 full_acc=0.9273 full_f1=0.8760 full_auc=0.9766
First training batch loaded
Epoch 89 | train_loss=0.2128 train_acc=0.9147 train_f1=0.8615 train_auc=0.9692 | full_loss=0.1807 full_acc=0.9140 full_f1=0.8671 full_auc=0.9850
First training batch loaded
Epoch 90 | train_loss=0.2027 train_acc=0.9160 train_f1=0.8645 train_auc=0.9745 | full_loss=0.1685 full_acc=0.9213 full_f1=0.8773 full_auc=0.9884
First training batch loaded
Epoch 91 | train_loss=0.2074 train_acc=0.9073 train_f1=0.8494 train_auc=0.9740 | full_loss=0.1527 full_acc=0.9433 full_f1=0.9079 full_auc=0.9882
First training batch loaded
Epoch 92 | train_loss=0.2143 train_acc=0.9047 train_f1=0.8480 train_auc=0.9702 | full_loss=0.1757 full_acc=0.9333 full_f1=0.8911 full_auc=0.9819
First training batch loaded
Epoch 93 | train_loss=0.2034 train_acc=0.9180 train_f1=0.8653 train_auc=0.9741 | full_loss=0.1925 full_acc=0.9060 full_f1=0.8577 full_auc=0.9867
First training batch loaded
Epoch 94 | train_loss=0.2116 train_acc=0.9080 train_f1=0.8541 train_auc=0.9725 | full_loss=0.1879 full_acc=0.9233 full_f1=0.8773 full_auc=0.9755
First training batch loaded
Epoch 95 | train_loss=0.1912 train_acc=0.9160 train_f1=0.8633 train_auc=0.9759 | full_loss=0.1606 full_acc=0.9393 full_f1=0.9023 full_auc=0.9892
First training batch loaded
Epoch 96 | train_loss=0.2105 train_acc=0.9160 train_f1=0.8636 train_auc=0.9730 | full_loss=0.1491 full_acc=0.9440 full_f1=0.9062 full_auc=0.9859
First training batch loaded
Epoch 97 | train_loss=0.1993 train_acc=0.9167 train_f1=0.8652 train_auc=0.9753 | full_loss=0.1819 full_acc=0.9100 full_f1=0.8621 full_auc=0.9836
First training batch loaded
Epoch 98 | train_loss=0.1972 train_acc=0.9160 train_f1=0.8645 train_auc=0.9728 | full_loss=0.1497 full_acc=0.9440 full_f1=0.9097 full_auc=0.9911
First training batch loaded
Epoch 99 | train_loss=0.2007 train_acc=0.9113 train_f1=0.8556 train_auc=0.9733 | full_loss=0.1332 full_acc=0.9613 full_f1=0.9351 full_auc=0.9920
First training batch loaded
Epoch 100 | train_loss=0.1997 train_acc=0.9267 train_f1=0.8804 train_auc=0.9741 | full_loss=0.1598 full_acc=0.9420 full_f1=0.9041 full_auc=0.9876
First training batch loaded
Epoch 101 | train_loss=0.1971 train_acc=0.9100 train_f1=0.8544 train_auc=0.9749 | full_loss=0.1481 full_acc=0.9507 full_f1=0.9169 full_auc=0.9880
First training batch loaded
Epoch 102 | train_loss=0.2001 train_acc=0.9113 train_f1=0.8571 train_auc=0.9745 | full_loss=0.1425 full_acc=0.9327 full_f1=0.8929 full_auc=0.9876
First training batch loaded
Epoch 103 | train_loss=0.1522 train_acc=0.9400 train_f1=0.9015 train_auc=0.9833 | full_loss=0.1208 full_acc=0.9467 full_f1=0.9134 full_auc=0.9936
First training batch loaded
Epoch 104 | train_loss=0.1671 train_acc=0.9307 train_f1=0.8862 train_auc=0.9822 | full_loss=0.2201 full_acc=0.8687 full_f1=0.8118 full_auc=0.9917
First training batch loaded
Epoch 105 | train_loss=0.1797 train_acc=0.9267 train_f1=0.8794 train_auc=0.9785 | full_loss=0.1276 full_acc=0.9700 full_f1=0.9475 full_auc=0.9935
First training batch loaded
Epoch 106 | train_loss=0.1461 train_acc=0.9413 train_f1=0.9031 train_auc=0.9865 | full_loss=0.1088 full_acc=0.9660 full_f1=0.9425 full_auc=0.9939
First training batch loaded
Epoch 107 | train_loss=0.1627 train_acc=0.9407 train_f1=0.9006 train_auc=0.9831 | full_loss=0.1939 full_acc=0.8940 full_f1=0.8424 full_auc=0.9938
First training batch loaded
Epoch 108 | train_loss=0.1684 train_acc=0.9320 train_f1=0.8884 train_auc=0.9822 | full_loss=0.1453 full_acc=0.9287 full_f1=0.8863 full_auc=0.9878
First training batch loaded
Epoch 109 | train_loss=0.1760 train_acc=0.9273 train_f1=0.8801 train_auc=0.9797 | full_loss=0.1592 full_acc=0.9153 full_f1=0.8700 full_auc=0.9920
First training batch loaded
Epoch 110 | train_loss=0.1760 train_acc=0.9313 train_f1=0.8869 train_auc=0.9795 | full_loss=0.1285 full_acc=0.9527 full_f1=0.9221 full_auc=0.9932
First training batch loaded
Epoch 111 | train_loss=0.1834 train_acc=0.9147 train_f1=0.8596 train_auc=0.9782 | full_loss=0.1202 full_acc=0.9520 full_f1=0.9216 full_auc=0.9946
First training batch loaded
Epoch 112 | train_loss=0.1983 train_acc=0.9147 train_f1=0.8615 train_auc=0.9751 | full_loss=0.1425 full_acc=0.9487 full_f1=0.9126 full_auc=0.9879
First training batch loaded
Epoch 113 | train_loss=0.1474 train_acc=0.9360 train_f1=0.8947 train_auc=0.9863 | full_loss=0.1061 full_acc=0.9733 full_f1=0.9539 full_auc=0.9960
First training batch loaded
Epoch 114 | train_loss=0.1648 train_acc=0.9307 train_f1=0.8862 train_auc=0.9819 | full_loss=0.1159 full_acc=0.9400 full_f1=0.9043 full_auc=0.9956
First training batch loaded
Epoch 115 | train_loss=0.1356 train_acc=0.9473 train_f1=0.9119 train_auc=0.9890 | full_loss=0.1196 full_acc=0.9493 full_f1=0.9177 full_auc=0.9945
First training batch loaded
Epoch 116 | train_loss=0.1282 train_acc=0.9547 train_f1=0.9243 train_auc=0.9884 | full_loss=0.0933 full_acc=0.9647 full_f1=0.9402 full_auc=0.9959
First training batch loaded
Epoch 117 | train_loss=0.1623 train_acc=0.9340 train_f1=0.8906 train_auc=0.9827 | full_loss=0.1143 full_acc=0.9620 full_f1=0.9362 full_auc=0.9942
First training batch loaded
Epoch 118 | train_loss=0.1302 train_acc=0.9487 train_f1=0.9147 train_auc=0.9891 | full_loss=0.0952 full_acc=0.9667 full_f1=0.9442 full_auc=0.9946
First training batch loaded
Epoch 119 | train_loss=0.1728 train_acc=0.9313 train_f1=0.8864 train_auc=0.9810 | full_loss=0.0984 full_acc=0.9613 full_f1=0.9357 full_auc=0.9944
First training batch loaded
Epoch 120 | train_loss=0.1621 train_acc=0.9293 train_f1=0.8840 train_auc=0.9820 | full_loss=0.1148 full_acc=0.9493 full_f1=0.9179 full_auc=0.9957
First training batch loaded
Epoch 121 | train_loss=0.1318 train_acc=0.9487 train_f1=0.9138 train_auc=0.9893 | full_loss=0.1060 full_acc=0.9513 full_f1=0.9209 full_auc=0.9959
First training batch loaded
Epoch 122 | train_loss=0.1294 train_acc=0.9493 train_f1=0.9152 train_auc=0.9878 | full_loss=0.1058 full_acc=0.9493 full_f1=0.9176 full_auc=0.9958
First training batch loaded
Epoch 123 | train_loss=0.1422 train_acc=0.9440 train_f1=0.9065 train_auc=0.9867 | full_loss=0.1276 full_acc=0.9340 full_f1=0.8955 full_auc=0.9939
First training batch loaded
Epoch 124 | train_loss=0.1170 train_acc=0.9533 train_f1=0.9220 train_auc=0.9915 | full_loss=0.0757 full_acc=0.9727 full_f1=0.9537 full_auc=0.9974
First training batch loaded
Epoch 125 | train_loss=0.1218 train_acc=0.9500 train_f1=0.9160 train_auc=0.9907 | full_loss=0.1003 full_acc=0.9593 full_f1=0.9300 full_auc=0.9943
First training batch loaded
Epoch 126 | train_loss=0.1357 train_acc=0.9460 train_f1=0.9101 train_auc=0.9882 | full_loss=0.1176 full_acc=0.9607 full_f1=0.9312 full_auc=0.9923
First training batch loaded
Epoch 127 | train_loss=0.1466 train_acc=0.9400 train_f1=0.9004 train_auc=0.9853 | full_loss=0.2463 full_acc=0.8807 full_f1=0.8254 full_auc=0.9861
First training batch loaded
Epoch 128 | train_loss=0.1401 train_acc=0.9427 train_f1=0.9044 train_auc=0.9877 | full_loss=0.0776 full_acc=0.9773 full_f1=0.9608 full_auc=0.9970
First training batch loaded
Epoch 129 | train_loss=0.1082 train_acc=0.9513 train_f1=0.9188 train_auc=0.9925 | full_loss=0.0772 full_acc=0.9773 full_f1=0.9612 full_auc=0.9974
First training batch loaded
Epoch 130 | train_loss=0.1164 train_acc=0.9540 train_f1=0.9229 train_auc=0.9911 | full_loss=0.0868 full_acc=0.9640 full_f1=0.9401 full_auc=0.9957
First training batch loaded
Epoch 131 | train_loss=0.1164 train_acc=0.9513 train_f1=0.9183 train_auc=0.9913 | full_loss=0.0873 full_acc=0.9613 full_f1=0.9361 full_auc=0.9987
First training batch loaded
Epoch 132 | train_loss=0.1345 train_acc=0.9467 train_f1=0.9117 train_auc=0.9873 | full_loss=0.1053 full_acc=0.9500 full_f1=0.9189 full_auc=0.9956
Early stopping final training
Saved best final model to: outputs_csPCa_sliceaware_final_and_CHIMERA_embeddings_24x128_batch_12/best_csPCa_mri_final.pt
Saved last final model to: outputs_csPCa_sliceaware_final_and_CHIMERA_embeddings_24x128_batch_12/last_csPCa_mri_final.pt
Loading final model: outputs_csPCa_sliceaware_final_and_CHIMERA_embeddings_24x128_batch_12/best_csPCa_mri_final.pt
Loaded CHIMERA usable cases: 95
Saved CHIMERA slice-aware embeddings and labels.
